2024-03-12 09:10:20,348: INFO  – ========== Specification started ==========
2024-03-12 09:10:21,319: INFO  –  Specifying SoporteWS (1 of 1) ...
2024-03-12 09:10:21,503: WARN  – warning spc0030: Line 4. Attribute soporteID should not be assigned in an insert group. It has the Autonumber property set to on. (Procedure 'SoporteWS', , Details, )
2024-03-12 09:10:21,590: INFO  –  Specifying  stub SoporteWS ...
2024-03-12 09:10:21,673: INFO  – Processing inferred calls...
2024-03-12 09:10:22,976: INFO  – Success: Specification
2024-03-12 09:17:26,417: INFO  – ========== Specification started ==========
2024-03-12 09:17:29,544: INFO  – Success: Specification
2024-03-12 09:26:36,596: INFO  – ========== Specification started ==========
2024-03-12 09:26:37,030: INFO  –  Specifying SoporteWS (1 of 1) ...
2024-03-12 09:26:37,229: WARN  – warning spc0030: Line 4. Attribute soporteID should not be assigned in an insert group. It has the Autonumber property set to on. (Procedure 'SoporteWS', , Details, )
2024-03-12 09:26:37,262: INFO  –  Specifying  stub SoporteWS ...
2024-03-12 09:26:37,285: INFO  – Processing inferred calls...
2024-03-12 09:26:37,896: INFO  – Success: Specification
2024-03-12 09:27:14,323: INFO  – ========== Specification started ==========
2024-03-12 09:27:15,833: INFO  –  Specifying SoporteWS (1 of 1) ...
2024-03-12 09:27:16,412: WARN  – warning spc0030: Line 4. Attribute soporteID should not be assigned in an insert group. It has the Autonumber property set to on. (Procedure 'SoporteWS', , Details, )
2024-03-12 09:27:16,602: INFO  –  Specifying  stub SoporteWS ...
2024-03-12 09:27:16,663: INFO  – Processing inferred calls...
2024-03-12 09:27:17,353: INFO  – Success: Specification
2024-03-12 13:31:31,152: INFO  – ========== Specification started ==========
2024-03-12 13:31:31,713: INFO  –  Specifying SoporteWS (1 of 1) ...
2024-03-12 13:31:33,050: INFO  – Success: Specification
2024-03-12 14:22:01,154: INFO  – ========== Specification started ==========
2024-03-12 14:22:03,558: INFO  –  Specifying test (1 of 1) ...
2024-03-12 14:22:03,767: INFO  –  Specifying  stub test ...
2024-03-12 14:22:03,854: INFO  – Processing inferred calls...
2024-03-12 14:22:04,690: INFO  – Success: Specification
2024-03-12 14:52:54,495: INFO  – ========== Specification started ==========
2024-03-12 14:52:56,428: INFO  –  Specifying K2BT_MasterPage (1 of 1) ...
2024-03-12 14:52:59,393: INFO  – Processing inferred calls...
2024-03-12 14:53:00,284: INFO  – Success: Specification
2024-03-12 14:53:03,450: INFO  – ========== Specification started ==========
2024-03-12 14:53:04,868: INFO  –  Specifying K2BTools.DesignSystems.Aries.UIConfiguration (1 of 1) ...
2024-03-12 14:53:07,366: INFO  – Processing inferred calls...
2024-03-12 14:53:08,217: INFO  – Success: Specification
2024-03-12 15:02:53,761: INFO  – ========== Specification started ==========
2024-03-12 15:02:55,409: INFO  –  Specifying K2BT_MasterPage (1 of 1) ...
2024-03-12 15:02:57,694: INFO  – Processing inferred calls...
2024-03-12 15:02:58,357: INFO  – Success: Specification
2024-03-12 15:03:01,519: INFO  – ========== Specification started ==========
2024-03-12 15:03:03,095: INFO  –  Specifying K2BTools.DesignSystems.Aries.UIConfiguration (1 of 1) ...
2024-03-12 15:03:06,288: INFO  – Processing inferred calls...
2024-03-12 15:03:07,823: INFO  – Success: Specification
2024-03-12 15:55:27,705: INFO  – ========== Specification started ==========
2024-03-12 15:55:35,524: INFO  –  Specifying K2BFSG.Login (1 of 1) ...
2024-03-12 15:55:50,770: INFO  – Processing inferred calls...
2024-03-12 15:55:51,968: INFO  – Success: Specification
2024-03-12 15:57:24,158: INFO  – ========== Specification started ==========
2024-03-12 15:57:41,935: INFO  – Success: Specification
2024-03-12 21:24:34,862: INFO  – ========== Specification started ==========
2024-03-12 21:24:39,451: INFO  –  Specifying K2BT_MasterPage (1 of 1) ...
2024-03-12 21:24:50,908: INFO  – Success: Specification
2024-03-12 21:50:31,420: INFO  – ========== Specification started ==========
2024-03-12 21:50:37,427: INFO  –  Specifying soporte (1 of 1) ...
2024-03-12 21:50:37,443: INFO  – Processing inferred calls...
2024-03-12 21:50:38,674: INFO  – Success: Specification
