2024-03-11 14:27:06,567: INFO  – ========== Specification started ==========
2024-03-11 14:27:10,435: INFO  –  Specifying Gx0010 (1 of 1) ...
2024-03-11 14:27:17,494: INFO  – Processing inferred calls...
2024-03-11 14:27:18,285: INFO  – Success: Specification
2024-03-11 14:27:21,462: INFO  – ========== Specification started ==========
2024-03-11 14:27:33,275: INFO  –  Specifying products (1 of 1) ...
2024-03-11 14:27:33,872: INFO  – Processing inferred calls...
2024-03-11 14:27:34,438: INFO  – Success: Specification
2024-03-11 14:27:37,593: INFO  – ========== Specification started ==========
2024-03-11 14:27:40,137: INFO  –  Specifying test (1 of 1) ...
2024-03-11 14:27:43,068: INFO  –  Specifying  stub test ...
2024-03-11 14:27:43,851: INFO  – Success: Specification
2024-03-11 14:27:47,647: INFO  – ========== Specification started ==========
2024-03-11 14:27:50,759: INFO  –  Specifying tesApiDolar (1 of 1) ...
2024-03-11 14:27:56,567: INFO  – Success: Specification
2024-03-11 14:43:11,240: INFO  – ========== Specification started ==========
2024-03-11 14:44:18,216: INFO  –  Specifying soporte (1 of 1) ...
2024-03-11 14:44:18,217: INFO  – Processing inferred calls...
2024-03-11 14:44:18,218: INFO  – Success: Specification
2024-03-11 22:23:36,891: INFO  – ========== Specification started ==========
2024-03-11 22:23:39,510: INFO  –  Specifying soporte (1 of 1) ...
2024-03-11 22:23:39,701: INFO  – Processing inferred calls...
2024-03-11 22:23:40,327: INFO  – Success: Specification
2024-03-11 22:24:46,119: INFO  – ========== Specification started ==========
2024-03-11 22:24:50,717: INFO  –  Specifying soporte (1 of 1) ...
2024-03-11 22:24:50,897: WARN  – warning spc0156: Event 'DoCancel' for control 'Cancel' is not defined. (Transaction 'soporte', , Details, )
2024-03-11 22:24:51,100: INFO  – Processing inferred calls...
2024-03-11 22:24:51,704: INFO  – Success: Specification
2024-03-11 22:25:50,547: INFO  – ========== Specification started ==========
2024-03-11 22:25:53,211: INFO  –  Specifying soporte (1 of 1) ...
2024-03-11 22:25:53,747: INFO  – Processing inferred calls...
2024-03-11 22:25:54,390: INFO  – Success: Specification
2024-03-11 22:29:32,918: INFO  – ========== Specification started ==========
2024-03-11 22:29:33,252: INFO  –  Specifying SoporteWS (1 of 1) ...
2024-03-11 22:29:33,462: WARN  – warning spc0030: Line 3. Attribute soporteID should not be assigned in an insert group. It has the Autonumber property set to on. (Procedure 'SoporteWS', , Details, )
2024-03-11 22:29:33,525: INFO  –  Specifying  stub SoporteWS ...
2024-03-11 22:29:33,555: INFO  – Processing inferred calls...
2024-03-11 22:29:34,179: INFO  – Success: Specification
2024-03-11 22:31:21,099: INFO  – ========== Specification started ==========
2024-03-11 22:31:21,506: INFO  –  Specifying SoporteWS (1 of 1) ...
2024-03-11 22:31:21,660: WARN  – warning spc0030: Line 3. Attribute soporteID should not be assigned in an insert group. It has the Autonumber property set to on. (Procedure 'SoporteWS', , Details, )
2024-03-11 22:31:21,699: INFO  –  Specifying  stub SoporteWS ...
2024-03-11 22:31:21,723: INFO  – Processing inferred calls...
2024-03-11 22:31:22,332: INFO  – Success: Specification
2024-03-11 22:32:11,663: INFO  – ========== Specification started ==========
2024-03-11 22:32:11,943: INFO  –  Specifying SoporteWS (1 of 1) ...
2024-03-11 22:32:12,070: ERROR – error spc0010: Type mismatch in assignment: nombreUsuario = &Nombreusuari (Varchar=Numeric). (Procedure 'SoporteWS' Source, Line: 9, , Details, )
2024-03-11 22:32:12,123: WARN  – warning spc0030: Line 3. Attribute soporteID should not be assigned in an insert group. It has the Autonumber property set to on. (Procedure 'SoporteWS', , Details, )
2024-03-11 22:32:12,128: WARN  – warning spc0047: Variable Nombreusuari not defined; N(10.2) assumed. (Procedure 'SoporteWS', , Details, )
2024-03-11 22:32:12,212: INFO  – Processing inferred calls...
2024-03-11 22:32:12,887: INFO  – Failed: Specification
2024-03-11 22:34:06,430: INFO  – ========== Specification started ==========
2024-03-11 22:34:06,750: INFO  –  Specifying SoporteWS (1 of 1) ...
2024-03-11 22:34:06,869: WARN  – warning spc0030: Line 3. Attribute soporteID should not be assigned in an insert group. It has the Autonumber property set to on. (Procedure 'SoporteWS', , Details, )
2024-03-11 22:34:06,932: INFO  –  Specifying  stub SoporteWS ...
2024-03-11 22:34:06,962: INFO  – Processing inferred calls...
2024-03-11 22:34:07,600: INFO  – Success: Specification
2024-03-11 22:37:38,225: INFO  – ========== Specification started ==========
2024-03-11 22:37:39,530: INFO  –  Specifying SoporteWS (1 of 1) ...
2024-03-11 22:37:39,739: WARN  – warning spc0030: Line 3. Attribute soporteID should not be assigned in an insert group. It has the Autonumber property set to on. (Procedure 'SoporteWS', , Details, )
2024-03-11 22:37:39,803: INFO  –  Specifying  stub SoporteWS ...
2024-03-11 22:37:39,871: INFO  – Processing inferred calls...
2024-03-11 22:37:40,548: INFO  – Success: Specification
2024-03-11 22:46:10,838: INFO  – ========== Specification started ==========
2024-03-11 22:46:12,364: INFO  –  Specifying SoporteWS (1 of 1) ...
2024-03-11 22:46:12,686: WARN  – warning spc0030: Line 3. Attribute soporteID should not be assigned in an insert group. It has the Autonumber property set to on. (Procedure 'SoporteWS', , Details, )
2024-03-11 22:46:12,746: INFO  –  Specifying  stub SoporteWS ...
2024-03-11 22:46:12,805: INFO  – Processing inferred calls...
2024-03-11 22:46:13,615: INFO  – Success: Specification
