2024-03-07 18:47:47,651: INFO  – ========== Specification started ==========
2024-03-07 18:47:56,314: INFO  – Failed: Specification
2024-03-07 18:50:24,389: INFO  – ========== Specification started ==========
2024-03-07 18:50:25,569: INFO  –  Specifying test (1 of 1) ...
2024-03-07 18:50:27,802: INFO  –  Specifying  stub test ...
2024-03-07 18:50:28,811: INFO  – Success: Specification
2024-03-07 19:11:22,378: INFO  – ========== Specification started ==========
2024-03-07 19:11:23,932: INFO  –  Specifying test (1 of 1) ...
2024-03-07 19:11:24,954: INFO  –  Specifying  stub test ...
2024-03-07 19:11:26,072: INFO  – Success: Specification
2024-03-07 19:12:44,241: INFO  – ========== Specification started ==========
2024-03-07 19:12:47,837: INFO  –  Specifying test (1 of 1) ...
2024-03-07 19:12:48,887: INFO  –  Specifying  stub test ...
2024-03-07 19:12:50,296: INFO  – Success: Specification
2024-03-07 19:31:31,868: INFO  – ========== Specification started ==========
2024-03-07 19:31:32,836: INFO  –  Specifying test (1 of 1) ...
2024-03-07 19:31:33,666: INFO  –  Specifying  stub test ...
2024-03-07 19:31:59,822: INFO  – Success: Specification
2024-03-07 19:45:45,870: INFO  – ========== Specification started ==========
2024-03-07 19:45:46,329: INFO  –  Specifying test (1 of 1) ...
2024-03-07 19:45:46,426: INFO  –  Specifying  stub test ...
2024-03-07 19:45:46,900: INFO  – Success: Specification
2024-03-07 19:46:27,841: INFO  – ========== Specification started ==========
2024-03-07 19:46:34,943: INFO  – Success: Specification
2024-03-07 19:53:56,481: INFO  – ========== Specification started ==========
2024-03-07 19:53:57,028: INFO  –  Specifying test (1 of 1) ...
2024-03-07 19:53:57,530: INFO  –  Specifying  stub test ...
2024-03-07 19:53:58,040: INFO  – Success: Specification
2024-03-07 19:59:44,435: INFO  – ========== Specification started ==========
2024-03-07 19:59:44,867: INFO  –  Specifying test (1 of 1) ...
2024-03-07 19:59:45,191: INFO  –  Specifying  stub test ...
2024-03-07 19:59:45,691: INFO  – Success: Specification
