2024-02-28 17:17:57,383: INFO  – Processing file 'C:\Program Files (x86)\GeneXus\GeneXus18\Startup\Common\CommonApi.xpz'...
2024-02-28 17:17:57,453: INFO  – Checking Import References...
2024-02-28 17:17:57,460: INFO  – Finished
2024-02-28 17:17:57,461: INFO  – Reading import file objects...
2024-02-28 17:17:57,466: INFO  – Finished
2024-02-28 17:17:57,494: INFO  – Processing file 'C:\Users\GIS-MOISES\AppData\Local\Temp\CommonApi5acg0xsd.2ro.xml'...
2024-02-28 17:17:57,496: INFO  – Checking Import References...
2024-02-28 17:17:57,497: INFO  – Finished
2024-02-28 17:17:57,497: INFO  – Reading import file objects...
2024-02-28 17:17:57,497: INFO  – Finished
2024-02-28 17:17:57,501: INFO  – Processing file 'C:\Users\GIS-MOISES\AppData\Local\Temp\CommonApi1n3mbpfc.gcg.xml'...
2024-02-28 17:17:57,503: INFO  – Checking Import References...
2024-02-28 17:17:57,503: INFO  – Finished
2024-02-28 17:17:57,503: INFO  – Reading import file objects...
2024-02-28 17:17:57,503: INFO  – Finished
2024-02-28 17:17:58,052: INFO  – Importing Module 'General'... was not changed
2024-02-28 17:17:58,060: INFO  – Importing External Object 'General.GlobalEvents'... 
2024-02-28 17:17:58,327: INFO  – Successful
2024-02-28 17:17:58,368: INFO  – Processing file 'C:\Program Files (x86)\GeneXus\GeneXus18\Startup\Common\GeneXusModule.xpz'...
2024-02-28 17:17:58,450: INFO  – Checking Import References...
2024-02-28 17:17:58,450: INFO  – Finished
2024-02-28 17:17:58,452: INFO  – Reading import file objects...
2024-02-28 17:17:58,479: INFO  – Finished
2024-02-28 17:17:58,537: INFO  – Processing file 'C:\Users\GIS-MOISES\AppData\Local\Temp\GeneXusModule1mxkyj3p.mbj.xml'...
2024-02-28 17:17:58,581: INFO  – Checking Import References...
2024-02-28 17:17:58,581: INFO  – Finished
2024-02-28 17:17:58,581: INFO  – Reading import file objects...
2024-02-28 17:17:58,606: INFO  – Finished
2024-02-28 17:17:58,652: INFO  – Processing file 'C:\Users\GIS-MOISES\AppData\Local\Temp\GeneXusModuleow4ymoo2.5zd.xml'...
2024-02-28 17:17:58,675: INFO  – Checking Import References...
2024-02-28 17:17:58,675: INFO  – Finished
2024-02-28 17:17:58,676: INFO  – Reading import file objects...
2024-02-28 17:17:58,700: INFO  – Finished
2024-02-28 17:17:59,371: INFO  – Importing Module 'GeneXus'... 
2024-02-28 17:18:17,829: INFO  – Successful
2024-02-28 17:18:17,858: INFO  – Processing file 'C:\Program Files (x86)\GeneXus\GeneXus18\ObjectDefinitions\Language\English.xpz'...
2024-02-28 17:18:17,925: INFO  – Reading import file objects...
2024-02-28 17:18:17,945: INFO  – Finished
2024-02-28 17:18:17,967: INFO  – Processing file 'C:\Users\GIS-MOISES\AppData\Local\Temp\Englishzzlty5no.ymw.xml'...
2024-02-28 17:18:17,999: INFO  – Reading import file objects...
2024-02-28 17:18:18,022: INFO  – Finished
2024-02-28 17:18:18,045: INFO  – Processing file 'C:\Users\GIS-MOISES\AppData\Local\Temp\Englishgpetbrlt.diw.xml'...
2024-02-28 17:18:18,077: INFO  – Reading import file objects...
2024-02-28 17:18:18,104: INFO  – Finished
2024-02-28 17:18:18,615: INFO  – Importing Language 'English'... 
2024-02-28 17:18:19,821: INFO  – Successful
2024-02-28 17:18:19,850: INFO  – Processing file 'C:\Program Files (x86)\GeneXus\GeneXus18\Startup\Web\DefaultStyle.xpz'...
2024-02-28 17:18:20,127: INFO  – Checking Import References...
2024-02-28 17:18:20,129: INFO  – Finished
2024-02-28 17:18:20,130: INFO  – Reading import file objects...
2024-02-28 17:18:20,143: INFO  – Finished
2024-02-28 17:18:20,379: INFO  – Processing file 'C:\Users\GIS-MOISES\AppData\Local\Temp\DefaultStyleqzijfc5u.tg4.xml'...
2024-02-28 17:18:20,393: INFO  – Checking Import References...
2024-02-28 17:18:20,396: INFO  – Finished
2024-02-28 17:18:20,397: INFO  – Reading import file objects...
2024-02-28 17:18:20,408: INFO  – Finished
2024-02-28 17:18:20,662: INFO  – Processing file 'C:\Users\GIS-MOISES\AppData\Local\Temp\DefaultStylezln3m1l0.esz.xml'...
2024-02-28 17:18:20,675: INFO  – Checking Import References...
2024-02-28 17:18:20,677: INFO  – Finished
2024-02-28 17:18:20,677: INFO  – Reading import file objects...
2024-02-28 17:18:20,688: INFO  – Finished
2024-02-28 17:18:21,621: INFO  – Importing Module 'GeneXusUnanimo'... 
2024-02-28 17:18:35,272: INFO  – Successful
2024-02-28 17:18:35,297: INFO  – Processing file 'C:\Program Files (x86)\GeneXus\GeneXus18\Startup\Web\GeneralWeb.xpz'...
2024-02-28 17:18:35,320: INFO  – Checking Import References...
2024-02-28 17:18:35,321: INFO  – Finished
2024-02-28 17:18:35,322: INFO  – Reading import file objects...
2024-02-28 17:18:35,323: INFO  – Finished
2024-02-28 17:18:35,365: INFO  – Processing file 'C:\Users\GIS-MOISES\AppData\Local\Temp\GeneralWebqq5pje5m.wge.xml'...
2024-02-28 17:18:35,366: INFO  – Checking Import References...
2024-02-28 17:18:35,367: INFO  – Finished
2024-02-28 17:18:35,367: INFO  – Reading import file objects...
2024-02-28 17:18:35,369: INFO  – Finished
2024-02-28 17:18:35,389: INFO  – Processing file 'C:\Users\GIS-MOISES\AppData\Local\Temp\GeneralWebjdiadwbz.zlr.xml'...
2024-02-28 17:18:35,390: INFO  – Checking Import References...
2024-02-28 17:18:35,390: INFO  – Finished
2024-02-28 17:18:35,390: INFO  – Reading import file objects...
2024-02-28 17:18:35,391: INFO  – Finished
2024-02-28 17:18:35,933: INFO  – Importing Module 'General.UI'... was not changed
2024-02-28 17:18:35,934: INFO  – Importing Module 'General'... was not changed
2024-02-28 17:18:35,935: INFO  – Importing Module 'GeneXus'... was not changed
2024-02-28 17:18:35,936: INFO  – Importing Module 'GeneXusUnanimo'... was not changed
2024-02-28 17:18:36,310: INFO  – Importing Web Panel 'General.UI.MasterUnanimoSidebar'... 
2024-02-28 17:18:37,424: INFO  – Successful
2024-02-28 17:18:37,435: INFO  – Importing Web Panel 'General.UI.MasterPrompt'... 
2024-02-28 17:18:37,580: INFO  – Successful
2024-02-28 17:18:37,589: INFO  – Importing Data Provider 'General.UI.SidebarItemsDP'... 
2024-02-28 17:18:37,657: INFO  – Successful
2024-02-28 17:18:37,666: INFO  – Importing Image 'selectRow'... 
2024-02-28 17:18:37,729: INFO  – Successful
2024-02-28 17:18:38,563: INFO  – Generating Design System test
2024-02-28 17:18:40,753: INFO  – Success: Create Knowledge Base
