2024-03-13 11:30:17,875: INFO  – ========== Pattern generation (K2BEntityServicessoporte) started ==========
2024-03-13 11:30:26,150: INFO  – Saving Procedure 'ExportWWsoporte'... 
2024-03-13 11:30:26,505: INFO  – succeeded.
2024-03-13 11:30:26,525: INFO  – Saving Procedure 'ReportWWsoporte'... 
2024-03-13 11:30:26,526: INFO  – skipped (no significant changes).
2024-03-13 11:30:26,530: INFO  – Saving Web Panel 'WWsoporte'... 
2024-03-13 11:30:28,938: INFO  – succeeded.
2024-03-13 11:30:28,950: INFO  – Saving Web Panel 'EntityManagersoporte'... 
2024-03-13 11:30:29,524: INFO  – succeeded.
2024-03-13 11:30:29,540: INFO  – Saving Web Component 'soporteGeneral'... 
2024-03-13 11:30:29,542: INFO  – skipped (no significant changes).
2024-03-13 11:30:30,020: INFO  – Saving Transaction 'soporte'... 
2024-03-13 11:30:30,631: INFO  – succeeded.
2024-03-13 11:30:30,674: INFO  – Saving Procedure 'K2BListPrograms'... 
2024-03-13 11:30:30,675: INFO  – skipped (no significant changes).
2024-03-13 11:30:30,693: INFO  – Saving Procedure 'K2BLoadActivityList'... 
2024-03-13 11:30:30,693: INFO  – skipped (no significant changes).
2024-03-13 11:30:30,702: INFO  – Saving Procedure 'K2BGetSearchResultFromData'... 
2024-03-13 11:30:30,703: INFO  – skipped (no significant changes).
2024-03-13 11:30:30,727: INFO  – Saving Procedure 'K2BGetSearchableEntities'... 
2024-03-13 11:30:30,727: INFO  – skipped (no significant changes).
2024-03-13 11:30:30,960: INFO  – Success: Pattern generation (K2BEntityServicessoporte)
2024-03-13 11:30:30,977: INFO  – ========== Pattern generation (K2BTrnFormsoporte) started ==========
2024-03-13 11:30:31,611: INFO  – Saving Transaction 'soporte'... 
2024-03-13 11:30:33,598: INFO  – succeeded.
2024-03-13 11:30:33,698: INFO  – Success: Pattern generation (K2BTrnFormsoporte)
2024-03-13 11:30:34,354: INFO  – Reloading Transaction 'soporte'...
2024-03-13 11:30:35,940: INFO  – Done
